{"C:\\Users\\sebas\\OneDrive\\Escritorio\\sena\\sexto_trimestre\\barbersite\\backend_barberia\\src\\config\\database.ts": {"path":"C:\\Users\\sebas\\OneDrive\\Escritorio\\sena\\sexto_trimestre\\barbersite\\backend_barberia\\src\\config\\database.ts","statementMap":{"0":{"start":{"line":1,"column":0},"end":{"line":1,"column":24}},"1":{"start":{"line":2,"column":0},"end":{"line":2,"column":28}},"2":{"start":{"line":4,"column":27},"end":{"line":22,"column":2}},"3":{"start":{"line":24,"column":25},"end":{"line":44,"column":1}},"4":{"start":{"line":25,"column":2},"end":{"line":40,"column":3}},"5":{"start":{"line":25,"column":15},"end":{"line":25,"column":16}},"6":{"start":{"line":26,"column":4},"end":{"line":39,"column":5}},"7":{"start":{"line":27,"column":6},"end":{"line":27,"column":71}},"8":{"start":{"line":28,"column":6},"end":{"line":28,"column":27}},"9":{"start":{"line":29,"column":6},"end":{"line":29,"column":55}},"10":{"start":{"line":30,"column":6},"end":{"line":30,"column":18}},"11":{"start":{"line":32,"column":6},"end":{"line":34,"column":8}},"12":{"start":{"line":35,"column":6},"end":{"line":38,"column":7}},"13":{"start":{"line":36,"column":8},"end":{"line":36,"column":59}},"14":{"start":{"line":37,"column":8},"end":{"line":37,"column":67}},"15":{"start":{"line":37,"column":39},"end":{"line":37,"column":65}},"16":{"start":{"line":41,"column":2},"end":{"line":43,"column":4}},"17":{"start":{"line":46,"column":13},"end":{"line":46,"column":51}},"18":{"start":{"line":48,"column":25},"end":{"line":66,"column":1}},"19":{"start":{"line":49,"column":2},"end":{"line":65,"column":3}},"20":{"start":{"line":50,"column":4},"end":{"line":50,"column":36}},"21":{"start":{"line":52,"column":4},"end":{"line":63,"column":6}},"22":{"start":{"line":64,"column":4},"end":{"line":64,"column":20}},"23":{"start":{"line":48,"column":13},"end":{"line":48,"column":25}}},"fnMap":{"0":{"name":"(anonymous_1)","decl":{"start":{"line":24,"column":25},"end":{"line":24,"column":30}},"loc":{"start":{"line":24,"column":64},"end":{"line":44,"column":1}}},"1":{"name":"(anonymous_2)","decl":{"start":{"line":37,"column":26},"end":{"line":37,"column":27}},"loc":{"start":{"line":37,"column":39},"end":{"line":37,"column":65}}},"2":{"name":"(anonymous_3)","decl":{"start":{"line":48,"column":25},"end":{"line":48,"column":30}},"loc":{"start":{"line":48,"column":36},"end":{"line":66,"column":1}}}},"branchMap":{"0":{"loc":{"start":{"line":24,"column":32},"end":{"line":24,"column":46}},"type":"default-arg","locations":[{"start":{"line":24,"column":45},"end":{"line":24,"column":46}}]},"1":{"loc":{"start":{"line":24,"column":48},"end":{"line":24,"column":60}},"type":"default-arg","locations":[{"start":{"line":24,"column":56},"end":{"line":24,"column":60}}]},"2":{"loc":{"start":{"line":35,"column":6},"end":{"line":38,"column":7}},"type":"if","locations":[{"start":{"line":35,"column":6},"end":{"line":38,"column":7}},{"start":{},"end":{}}]}},"s":{"0":1,"1":1,"2":1,"3":1,"4":0,"5":0,"6":0,"7":0,"8":0,"9":0,"10":0,"11":0,"12":0,"13":0,"14":0,"15":0,"16":0,"17":1,"18":1,"19":0,"20":0,"21":0,"22":0,"23":1},"f":{"0":0,"1":0,"2":0},"b":{"0":[0],"1":[0],"2":[0,0]}}
,"C:\\Users\\sebas\\OneDrive\\Escritorio\\sena\\sexto_trimestre\\barbersite\\backend_barberia\\src\\config\\env.ts": {"path":"C:\\Users\\sebas\\OneDrive\\Escritorio\\sena\\sexto_trimestre\\barbersite\\backend_barberia\\src\\config\\env.ts","statementMap":{"0":{"start":{"line":1,"column":0},"end":{"line":1,"column":28}},"1":{"start":{"line":3,"column":0},"end":{"line":3,"column":16}},"2":{"start":{"line":6,"column":16},"end":{"line":6,"column":32}},"3":{"start":{"line":8,"column":2},"end":{"line":10,"column":3}},"4":{"start":{"line":9,"column":4},"end":{"line":9,"column":72}},"5":{"start":{"line":12,"column":2},"end":{"line":12,"column":15}},"6":{"start":{"line":15,"column":13},"end":{"line":32,"column":2}}},"fnMap":{"0":{"name":"getEnvVariable","decl":{"start":{"line":5,"column":9},"end":{"line":5,"column":23}},"loc":{"start":{"line":5,"column":35},"end":{"line":13,"column":1}}}},"branchMap":{"0":{"loc":{"start":{"line":8,"column":2},"end":{"line":10,"column":3}},"type":"if","locations":[{"start":{"line":8,"column":2},"end":{"line":10,"column":3}},{"start":{},"end":{}}]},"1":{"loc":{"start":{"line":16,"column":8},"end":{"line":16,"column":34}},"type":"binary-expr","locations":[{"start":{"line":16,"column":8},"end":{"line":16,"column":24}},{"start":{"line":16,"column":28},"end":{"line":16,"column":34}}]},"2":{"loc":{"start":{"line":25,"column":13},"end":{"line":25,"column":40}},"type":"binary-expr","locations":[{"start":{"line":25,"column":13},"end":{"line":25,"column":34}},{"start":{"line":25,"column":38},"end":{"line":25,"column":40}}]},"3":{"loc":{"start":{"line":26,"column":13},"end":{"line":26,"column":40}},"type":"binary-expr","locations":[{"start":{"line":26,"column":13},"end":{"line":26,"column":34}},{"start":{"line":26,"column":38},"end":{"line":26,"column":40}}]},"4":{"loc":{"start":{"line":27,"column":13},"end":{"line":27,"column":40}},"type":"binary-expr","locations":[{"start":{"line":27,"column":13},"end":{"line":27,"column":34}},{"start":{"line":27,"column":38},"end":{"line":27,"column":40}}]},"5":{"loc":{"start":{"line":28,"column":17},"end":{"line":28,"column":48}},"type":"binary-expr","locations":[{"start":{"line":28,"column":17},"end":{"line":28,"column":42}},{"start":{"line":28,"column":46},"end":{"line":28,"column":48}}]},"6":{"loc":{"start":{"line":30,"column":14},"end":{"line":30,"column":65}},"type":"binary-expr","locations":[{"start":{"line":30,"column":14},"end":{"line":30,"column":36}},{"start":{"line":30,"column":40},"end":{"line":30,"column":65}}]},"7":{"loc":{"start":{"line":31,"column":16},"end":{"line":31,"column":67}},"type":"binary-expr","locations":[{"start":{"line":31,"column":16},"end":{"line":31,"column":40}},{"start":{"line":31,"column":44},"end":{"line":31,"column":67}}]}},"s":{"0":1,"1":1,"2":5,"3":5,"4":0,"5":5,"6":1},"f":{"0":5},"b":{"0":[0,5],"1":[1,0],"2":[1,0],"3":[1,0],"4":[1,0],"5":[1,0],"6":[1,0],"7":[1,0]}}
,"C:\\Users\\sebas\\OneDrive\\Escritorio\\sena\\sexto_trimestre\\barbersite\\backend_barberia\\src\\modules\\compras\\compras.controller.ts": {"path":"C:\\Users\\sebas\\OneDrive\\Escritorio\\sena\\sexto_trimestre\\barbersite\\backend_barberia\\src\\modules\\compras\\compras.controller.ts","statementMap":{"0":{"start":{"line":2,"column":0},"end":{"line":2,"column":45}},"1":{"start":{"line":3,"column":0},"end":{"line":3,"column":24}},"2":{"start":{"line":4,"column":0},"end":{"line":4,"column":90}},"3":{"start":{"line":6,"column":28},"end":{"line":15,"column":1}},"4":{"start":{"line":7,"column":2},"end":{"line":14,"column":3}},"5":{"start":{"line":8,"column":20},"end":{"line":8,"column":49}},"6":{"start":{"line":9,"column":4},"end":{"line":9,"column":57}},"7":{"start":{"line":10,"column":4},"end":{"line":10,"column":47}},"8":{"start":{"line":12,"column":4},"end":{"line":12,"column":51}},"9":{"start":{"line":13,"column":4},"end":{"line":13,"column":69}},"10":{"start":{"line":6,"column":13},"end":{"line":6,"column":28}},"11":{"start":{"line":17,"column":32},"end":{"line":27,"column":1}},"12":{"start":{"line":18,"column":2},"end":{"line":26,"column":3}},"13":{"start":{"line":19,"column":19},"end":{"line":19,"column":94}},"14":{"start":{"line":20,"column":20},"end":{"line":20,"column":60}},"15":{"start":{"line":21,"column":4},"end":{"line":21,"column":61}},"16":{"start":{"line":22,"column":4},"end":{"line":22,"column":47}},"17":{"start":{"line":24,"column":4},"end":{"line":24,"column":55}},"18":{"start":{"line":25,"column":4},"end":{"line":25,"column":69}},"19":{"start":{"line":17,"column":13},"end":{"line":17,"column":32}},"20":{"start":{"line":29,"column":28},"end":{"line":51,"column":1}},"21":{"start":{"line":30,"column":2},"end":{"line":50,"column":3}},"22":{"start":{"line":31,"column":18},"end":{"line":31,"column":81}},"23":{"start":{"line":32,"column":15},"end":{"line":32,"column":30}},"24":{"start":{"line":33,"column":4},"end":{"line":35,"column":5}},"25":{"start":{"line":34,"column":6},"end":{"line":34,"column":78}},"26":{"start":{"line":36,"column":32},"end":{"line":36,"column":60}},"27":{"start":{"line":37,"column":19},"end":{"line":37,"column":59}},"28":{"start":{"line":38,"column":4},"end":{"line":38,"column":55}},"29":{"start":{"line":39,"column":4},"end":{"line":41,"column":5}},"30":{"start":{"line":40,"column":6},"end":{"line":40,"column":87}},"31":{"start":{"line":42,"column":4},"end":{"line":42,"column":46}},"32":{"start":{"line":44,"column":4},"end":{"line":44,"column":51}},"33":{"start":{"line":45,"column":4},"end":{"line":49,"column":5}},"34":{"start":{"line":46,"column":6},"end":{"line":46,"column":93}},"35":{"start":{"line":48,"column":6},"end":{"line":48,"column":71}},"36":{"start":{"line":29,"column":13},"end":{"line":29,"column":28}},"37":{"start":{"line":53,"column":21},"end":{"line":68,"column":1}},"38":{"start":{"line":54,"column":2},"end":{"line":67,"column":3}},"39":{"start":{"line":55,"column":4},"end":{"line":55,"column":45}},"40":{"start":{"line":56,"column":26},"end":{"line":56,"column":60}},"41":{"start":{"line":57,"column":19},"end":{"line":57,"column":59}},"42":{"start":{"line":58,"column":4},"end":{"line":58,"column":41}},"43":{"start":{"line":59,"column":4},"end":{"line":59,"column":58}},"44":{"start":{"line":61,"column":4},"end":{"line":61,"column":44}},"45":{"start":{"line":62,"column":4},"end":{"line":66,"column":5}},"46":{"start":{"line":63,"column":6},"end":{"line":63,"column":97}},"47":{"start":{"line":65,"column":6},"end":{"line":65,"column":71}},"48":{"start":{"line":53,"column":13},"end":{"line":53,"column":21}},"49":{"start":{"line":70,"column":26},"end":{"line":91,"column":1}},"50":{"start":{"line":71,"column":2},"end":{"line":90,"column":3}},"51":{"start":{"line":72,"column":18},"end":{"line":72,"column":81}},"52":{"start":{"line":73,"column":15},"end":{"line":73,"column":30}},"53":{"start":{"line":74,"column":4},"end":{"line":76,"column":5}},"54":{"start":{"line":75,"column":6},"end":{"line":75,"column":78}},"55":{"start":{"line":77,"column":32},"end":{"line":77,"column":60}},"56":{"start":{"line":78,"column":4},"end":{"line":78,"column":50}},"57":{"start":{"line":79,"column":26},"end":{"line":79,"column":60}},"58":{"start":{"line":80,"column":19},"end":{"line":80,"column":73}},"59":{"start":{"line":81,"column":4},"end":{"line":81,"column":46}},"60":{"start":{"line":82,"column":4},"end":{"line":82,"column":46}},"61":{"start":{"line":84,"column":4},"end":{"line":84,"column":49}},"62":{"start":{"line":85,"column":4},"end":{"line":89,"column":5}},"63":{"start":{"line":86,"column":6},"end":{"line":86,"column":97}},"64":{"start":{"line":88,"column":6},"end":{"line":88,"column":71}},"65":{"start":{"line":70,"column":13},"end":{"line":70,"column":26}},"66":{"start":{"line":93,"column":24},"end":{"line":112,"column":1}},"67":{"start":{"line":94,"column":2},"end":{"line":111,"column":3}},"68":{"start":{"line":95,"column":18},"end":{"line":95,"column":81}},"69":{"start":{"line":96,"column":15},"end":{"line":96,"column":30}},"70":{"start":{"line":97,"column":4},"end":{"line":99,"column":5}},"71":{"start":{"line":98,"column":6},"end":{"line":98,"column":78}},"72":{"start":{"line":100,"column":32},"end":{"line":100,"column":60}},"73":{"start":{"line":101,"column":19},"end":{"line":101,"column":58}},"74":{"start":{"line":102,"column":4},"end":{"line":102,"column":44}},"75":{"start":{"line":103,"column":4},"end":{"line":103,"column":46}},"76":{"start":{"line":105,"column":4},"end":{"line":105,"column":47}},"77":{"start":{"line":106,"column":4},"end":{"line":110,"column":5}},"78":{"start":{"line":107,"column":6},"end":{"line":107,"column":93}},"79":{"start":{"line":109,"column":6},"end":{"line":109,"column":71}},"80":{"start":{"line":93,"column":13},"end":{"line":93,"column":24}}},"fnMap":{"0":{"name":"(anonymous_9)","decl":{"start":{"line":6,"column":28},"end":{"line":6,"column":33}},"loc":{"start":{"line":6,"column":64},"end":{"line":15,"column":1}}},"1":{"name":"(anonymous_10)","decl":{"start":{"line":17,"column":32},"end":{"line":17,"column":37}},"loc":{"start":{"line":17,"column":70},"end":{"line":27,"column":1}}},"2":{"name":"(anonymous_11)","decl":{"start":{"line":29,"column":28},"end":{"line":29,"column":33}},"loc":{"start":{"line":29,"column":66},"end":{"line":51,"column":1}}},"3":{"name":"(anonymous_12)","decl":{"start":{"line":53,"column":21},"end":{"line":53,"column":26}},"loc":{"start":{"line":53,"column":59},"end":{"line":68,"column":1}}},"4":{"name":"(anonymous_13)","decl":{"start":{"line":70,"column":26},"end":{"line":70,"column":31}},"loc":{"start":{"line":70,"column":64},"end":{"line":91,"column":1}}},"5":{"name":"(anonymous_14)","decl":{"start":{"line":93,"column":24},"end":{"line":93,"column":29}},"loc":{"start":{"line":93,"column":62},"end":{"line":112,"column":1}}}},"branchMap":{"0":{"loc":{"start":{"line":19,"column":19},"end":{"line":19,"column":94}},"type":"cond-expr","locations":[{"start":{"line":19,"column":54},"end":{"line":19,"column":74}},{"start":{"line":19,"column":77},"end":{"line":19,"column":94}}]},"1":{"loc":{"start":{"line":31,"column":18},"end":{"line":31,"column":81}},"type":"cond-expr","locations":[{"start":{"line":31,"column":49},"end":{"line":31,"column":65}},{"start":{"line":31,"column":68},"end":{"line":31,"column":81}}]},"2":{"loc":{"start":{"line":33,"column":4},"end":{"line":35,"column":5}},"type":"if","locations":[{"start":{"line":33,"column":4},"end":{"line":35,"column":5}},{"start":{},"end":{}}]},"3":{"loc":{"start":{"line":39,"column":4},"end":{"line":41,"column":5}},"type":"if","locations":[{"start":{"line":39,"column":4},"end":{"line":41,"column":5}},{"start":{},"end":{}}]},"4":{"loc":{"start":{"line":45,"column":4},"end":{"line":49,"column":5}},"type":"if","locations":[{"start":{"line":45,"column":4},"end":{"line":49,"column":5}},{"start":{"line":47,"column":11},"end":{"line":49,"column":5}}]},"5":{"loc":{"start":{"line":62,"column":4},"end":{"line":66,"column":5}},"type":"if","locations":[{"start":{"line":62,"column":4},"end":{"line":66,"column":5}},{"start":{"line":64,"column":11},"end":{"line":66,"column":5}}]},"6":{"loc":{"start":{"line":72,"column":18},"end":{"line":72,"column":81}},"type":"cond-expr","locations":[{"start":{"line":72,"column":49},"end":{"line":72,"column":65}},{"start":{"line":72,"column":68},"end":{"line":72,"column":81}}]},"7":{"loc":{"start":{"line":74,"column":4},"end":{"line":76,"column":5}},"type":"if","locations":[{"start":{"line":74,"column":4},"end":{"line":76,"column":5}},{"start":{},"end":{}}]},"8":{"loc":{"start":{"line":85,"column":4},"end":{"line":89,"column":5}},"type":"if","locations":[{"start":{"line":85,"column":4},"end":{"line":89,"column":5}},{"start":{"line":87,"column":11},"end":{"line":89,"column":5}}]},"9":{"loc":{"start":{"line":95,"column":18},"end":{"line":95,"column":81}},"type":"cond-expr","locations":[{"start":{"line":95,"column":49},"end":{"line":95,"column":65}},{"start":{"line":95,"column":68},"end":{"line":95,"column":81}}]},"10":{"loc":{"start":{"line":97,"column":4},"end":{"line":99,"column":5}},"type":"if","locations":[{"start":{"line":97,"column":4},"end":{"line":99,"column":5}},{"start":{},"end":{}}]},"11":{"loc":{"start":{"line":106,"column":4},"end":{"line":110,"column":5}},"type":"if","locations":[{"start":{"line":106,"column":4},"end":{"line":110,"column":5}},{"start":{"line":108,"column":11},"end":{"line":110,"column":5}}]}},"s":{"0":1,"1":1,"2":1,"3":1,"4":2,"5":2,"6":1,"7":1,"8":1,"9":1,"10":1,"11":1,"12":0,"13":0,"14":0,"15":0,"16":0,"17":0,"18":0,"19":1,"20":1,"21":2,"22":2,"23":2,"24":2,"25":1,"26":1,"27":1,"28":1,"29":1,"30":0,"31":1,"32":0,"33":0,"34":0,"35":0,"36":1,"37":1,"38":1,"39":1,"40":1,"41":1,"42":1,"43":1,"44":0,"45":0,"46":0,"47":0,"48":1,"49":1,"50":0,"51":0,"52":0,"53":0,"54":0,"55":0,"56":0,"57":0,"58":0,"59":0,"60":0,"61":0,"62":0,"63":0,"64":0,"65":1,"66":1,"67":0,"68":0,"69":0,"70":0,"71":0,"72":0,"73":0,"74":0,"75":0,"76":0,"77":0,"78":0,"79":0,"80":1},"f":{"0":2,"1":0,"2":2,"3":1,"4":0,"5":0},"b":{"0":[0,0],"1":[0,2],"2":[1,1],"3":[0,1],"4":[0,0],"5":[0,0],"6":[0,0],"7":[0,0],"8":[0,0],"9":[0,0],"10":[0,0],"11":[0,0]}}
,"C:\\Users\\sebas\\OneDrive\\Escritorio\\sena\\sexto_trimestre\\barbersite\\backend_barberia\\src\\modules\\compras\\compras.repository.ts": {"path":"C:\\Users\\sebas\\OneDrive\\Escritorio\\sena\\sexto_trimestre\\barbersite\\backend_barberia\\src\\modules\\compras\\compras.repository.ts","statementMap":{"0":{"start":{"line":1,"column":0},"end":{"line":1,"column":45}},"1":{"start":{"line":3,"column":27},"end":{"line":14,"column":1}},"2":{"start":{"line":4,"column":34},"end":{"line":4,"column":38}},"3":{"start":{"line":6,"column":2},"end":{"line":13,"column":7}},"4":{"start":{"line":3,"column":13},"end":{"line":3,"column":27}},"5":{"start":{"line":16,"column":29},"end":{"line":26,"column":1}},"6":{"start":{"line":17,"column":17},"end":{"line":24,"column":4}},"7":{"start":{"line":25,"column":2},"end":{"line":25,"column":26}},"8":{"start":{"line":16,"column":13},"end":{"line":16,"column":29}},"9":{"start":{"line":28,"column":34},"end":{"line":41,"column":1}},"10":{"start":{"line":29,"column":17},"end":{"line":39,"column":6}},"11":{"start":{"line":40,"column":2},"end":{"line":40,"column":26}},"12":{"start":{"line":28,"column":13},"end":{"line":28,"column":34}},"13":{"start":{"line":43,"column":29},"end":{"line":68,"column":1}},"14":{"start":{"line":44,"column":23},"end":{"line":53,"column":6}},"15":{"start":{"line":55,"column":25},"end":{"line":62,"column":6}},"16":{"start":{"line":64,"column":2},"end":{"line":67,"column":4}},"17":{"start":{"line":43,"column":13},"end":{"line":43,"column":29}},"18":{"start":{"line":70,"column":28},"end":{"line":105,"column":1}},"19":{"start":{"line":71,"column":61},"end":{"line":71,"column":65}},"20":{"start":{"line":73,"column":14},"end":{"line":73,"column":35}},"21":{"start":{"line":74,"column":24},"end":{"line":74,"column":26}},"22":{"start":{"line":75,"column":27},"end":{"line":75,"column":29}},"23":{"start":{"line":77,"column":2},"end":{"line":80,"column":3}},"24":{"start":{"line":78,"column":4},"end":{"line":78,"column":48}},"25":{"start":{"line":79,"column":4},"end":{"line":79,"column":63}},"26":{"start":{"line":81,"column":2},"end":{"line":84,"column":3}},"27":{"start":{"line":82,"column":4},"end":{"line":82,"column":34}},"28":{"start":{"line":83,"column":4},"end":{"line":83,"column":49}},"29":{"start":{"line":85,"column":2},"end":{"line":88,"column":3}},"30":{"start":{"line":86,"column":4},"end":{"line":86,"column":46}},"31":{"start":{"line":87,"column":4},"end":{"line":87,"column":61}},"32":{"start":{"line":89,"column":2},"end":{"line":92,"column":3}},"33":{"start":{"line":90,"column":4},"end":{"line":90,"column":48}},"34":{"start":{"line":91,"column":4},"end":{"line":91,"column":63}},"35":{"start":{"line":94,"column":2},"end":{"line":96,"column":3}},"36":{"start":{"line":95,"column":4},"end":{"line":95,"column":43}},"37":{"start":{"line":98,"column":2},"end":{"line":98,"column":63}},"38":{"start":{"line":100,"column":18},"end":{"line":100,"column":32}},"39":{"start":{"line":101,"column":2},"end":{"line":101,"column":66}},"40":{"start":{"line":101,"column":26},"end":{"line":101,"column":64}},"41":{"start":{"line":102,"column":2},"end":{"line":102,"column":40}},"42":{"start":{"line":104,"column":2},"end":{"line":104,"column":29}},"43":{"start":{"line":70,"column":13},"end":{"line":70,"column":28}},"44":{"start":{"line":107,"column":28},"end":{"line":117,"column":1}},"45":{"start":{"line":109,"column":2},"end":{"line":111,"column":70}},"46":{"start":{"line":114,"column":2},"end":{"line":116,"column":63}},"47":{"start":{"line":107,"column":13},"end":{"line":107,"column":28}}},"fnMap":{"0":{"name":"(anonymous_0)","decl":{"start":{"line":3,"column":27},"end":{"line":3,"column":32}},"loc":{"start":{"line":3,"column":47},"end":{"line":14,"column":1}}},"1":{"name":"(anonymous_1)","decl":{"start":{"line":16,"column":29},"end":{"line":16,"column":34}},"loc":{"start":{"line":16,"column":40},"end":{"line":26,"column":1}}},"2":{"name":"(anonymous_2)","decl":{"start":{"line":28,"column":34},"end":{"line":28,"column":39}},"loc":{"start":{"line":28,"column":64},"end":{"line":41,"column":1}}},"3":{"name":"(anonymous_3)","decl":{"start":{"line":43,"column":29},"end":{"line":43,"column":34}},"loc":{"start":{"line":43,"column":57},"end":{"line":68,"column":1}}},"4":{"name":"(anonymous_4)","decl":{"start":{"line":70,"column":28},"end":{"line":70,"column":33}},"loc":{"start":{"line":70,"column":67},"end":{"line":105,"column":1}}},"5":{"name":"(anonymous_5)","decl":{"start":{"line":101,"column":17},"end":{"line":101,"column":22}},"loc":{"start":{"line":101,"column":26},"end":{"line":101,"column":64}}},"6":{"name":"(anonymous_6)","decl":{"start":{"line":107,"column":28},"end":{"line":107,"column":33}},"loc":{"start":{"line":107,"column":56},"end":{"line":117,"column":1}}}},"branchMap":{"0":{"loc":{"start":{"line":77,"column":2},"end":{"line":80,"column":3}},"type":"if","locations":[{"start":{"line":77,"column":2},"end":{"line":80,"column":3}},{"start":{},"end":{}}]},"1":{"loc":{"start":{"line":81,"column":2},"end":{"line":84,"column":3}},"type":"if","locations":[{"start":{"line":81,"column":2},"end":{"line":84,"column":3}},{"start":{},"end":{}}]},"2":{"loc":{"start":{"line":85,"column":2},"end":{"line":88,"column":3}},"type":"if","locations":[{"start":{"line":85,"column":2},"end":{"line":88,"column":3}},{"start":{},"end":{}}]},"3":{"loc":{"start":{"line":89,"column":2},"end":{"line":92,"column":3}},"type":"if","locations":[{"start":{"line":89,"column":2},"end":{"line":92,"column":3}},{"start":{},"end":{}}]},"4":{"loc":{"start":{"line":94,"column":2},"end":{"line":96,"column":3}},"type":"if","locations":[{"start":{"line":94,"column":2},"end":{"line":96,"column":3}},{"start":{},"end":{}}]}},"s":{"0":1,"1":1,"2":0,"3":0,"4":1,"5":1,"6":0,"7":0,"8":1,"9":1,"10":0,"11":0,"12":1,"13":1,"14":0,"15":0,"16":0,"17":1,"18":1,"19":0,"20":0,"21":0,"22":0,"23":0,"24":0,"25":0,"26":0,"27":0,"28":0,"29":0,"30":0,"31":0,"32":0,"33":0,"34":0,"35":0,"36":0,"37":0,"38":0,"39":0,"40":0,"41":0,"42":0,"43":1,"44":1,"45":0,"46":0,"47":1},"f":{"0":0,"1":0,"2":0,"3":0,"4":0,"5":0,"6":0},"b":{"0":[0,0],"1":[0,0],"2":[0,0],"3":[0,0],"4":[0,0]}}
,"C:\\Users\\sebas\\OneDrive\\Escritorio\\sena\\sexto_trimestre\\barbersite\\backend_barberia\\src\\modules\\compras\\compras.schema.ts": {"path":"C:\\Users\\sebas\\OneDrive\\Escritorio\\sena\\sexto_trimestre\\barbersite\\backend_barberia\\src\\modules\\compras\\compras.schema.ts","statementMap":{"0":{"start":{"line":1,"column":0},"end":{"line":1,"column":24}},"1":{"start":{"line":3,"column":13},"end":{"line":12,"column":3}},"2":{"start":{"line":14,"column":13},"end":{"line":19,"column":3}},"3":{"start":{"line":20,"column":13},"end":{"line":22,"column":3}}},"fnMap":{},"branchMap":{},"s":{"0":1,"1":1,"2":1,"3":1},"f":{},"b":{}}
,"C:\\Users\\sebas\\OneDrive\\Escritorio\\sena\\sexto_trimestre\\barbersite\\backend_barberia\\src\\modules\\compras\\compras.service.ts": {"path":"C:\\Users\\sebas\\OneDrive\\Escritorio\\sena\\sexto_trimestre\\barbersite\\backend_barberia\\src\\modules\\compras\\compras.service.ts","statementMap":{"0":{"start":{"line":1,"column":0},"end":{"line":1,"column":24}},"1":{"start":{"line":2,"column":0},"end":{"line":2,"column":45}},"2":{"start":{"line":3,"column":0},"end":{"line":3,"column":51}},"3":{"start":{"line":4,"column":0},"end":{"line":4,"column":102}},"4":{"start":{"line":5,"column":0},"end":{"line":5,"column":86}},"5":{"start":{"line":6,"column":0},"end":{"line":6,"column":67}},"6":{"start":{"line":7,"column":0},"end":{"line":7,"column":81}},"7":{"start":{"line":9,"column":27},"end":{"line":91,"column":1}},"8":{"start":{"line":10,"column":22},"end":{"line":10,"column":47}},"9":{"start":{"line":12,"column":2},"end":{"line":90,"column":3}},"10":{"start":{"line":13,"column":4},"end":{"line":13,"column":30}},"11":{"start":{"line":15,"column":20},"end":{"line":15,"column":48}},"12":{"start":{"line":18,"column":27},"end":{"line":20,"column":6}},"13":{"start":{"line":22,"column":22},"end":{"line":22,"column":56}},"14":{"start":{"line":24,"column":22},"end":{"line":24,"column":23}},"15":{"start":{"line":27,"column":4},"end":{"line":29,"column":5}},"16":{"start":{"line":28,"column":6},"end":{"line":28,"column":57}},"17":{"start":{"line":32,"column":4},"end":{"line":39,"column":9}},"18":{"start":{"line":42,"column":4},"end":{"line":81,"column":5}},"19":{"start":{"line":44,"column":29},"end":{"line":44,"column":57}},"20":{"start":{"line":47,"column":30},"end":{"line":50,"column":8}},"21":{"start":{"line":52,"column":32},"end":{"line":52,"column":67}},"22":{"start":{"line":53,"column":23},"end":{"line":53,"column":58}},"23":{"start":{"line":56,"column":35},"end":{"line":56,"column":63}},"24":{"start":{"line":57,"column":6},"end":{"line":69,"column":11}},"25":{"start":{"line":72,"column":33},"end":{"line":72,"column":61}},"26":{"start":{"line":73,"column":6},"end":{"line":80,"column":11}},"27":{"start":{"line":83,"column":4},"end":{"line":83,"column":31}},"28":{"start":{"line":85,"column":4},"end":{"line":85,"column":69}},"29":{"start":{"line":88,"column":4},"end":{"line":88,"column":33}},"30":{"start":{"line":89,"column":4},"end":{"line":89,"column":16}},"31":{"start":{"line":9,"column":13},"end":{"line":9,"column":27}},"32":{"start":{"line":93,"column":29},"end":{"line":95,"column":1}},"33":{"start":{"line":94,"column":2},"end":{"line":94,"column":42}},"34":{"start":{"line":93,"column":13},"end":{"line":93,"column":29}},"35":{"start":{"line":97,"column":29},"end":{"line":99,"column":1}},"36":{"start":{"line":98,"column":2},"end":{"line":98,"column":51}},"37":{"start":{"line":97,"column":13},"end":{"line":97,"column":29}},"38":{"start":{"line":101,"column":34},"end":{"line":103,"column":1}},"39":{"start":{"line":102,"column":2},"end":{"line":102,"column":58}},"40":{"start":{"line":101,"column":13},"end":{"line":101,"column":34}},"41":{"start":{"line":105,"column":28},"end":{"line":144,"column":1}},"42":{"start":{"line":107,"column":25},"end":{"line":107,"column":66}},"43":{"start":{"line":108,"column":25},"end":{"line":108,"column":51}},"44":{"start":{"line":111,"column":2},"end":{"line":111,"column":49}},"45":{"start":{"line":114,"column":2},"end":{"line":128,"column":3}},"46":{"start":{"line":115,"column":21},"end":{"line":115,"column":79}},"47":{"start":{"line":116,"column":4},"end":{"line":127,"column":5}},"48":{"start":{"line":117,"column":23},"end":{"line":117,"column":82}},"49":{"start":{"line":118,"column":6},"end":{"line":126,"column":9}},"50":{"start":{"line":131,"column":2},"end":{"line":141,"column":3}},"51":{"start":{"line":132,"column":30},"end":{"line":132,"column":71}},"52":{"start":{"line":133,"column":25},"end":{"line":133,"column":53}},"53":{"start":{"line":134,"column":4},"end":{"line":140,"column":7}},"54":{"start":{"line":143,"column":2},"end":{"line":143,"column":57}},"55":{"start":{"line":105,"column":13},"end":{"line":105,"column":28}},"56":{"start":{"line":146,"column":28},"end":{"line":150,"column":1}},"57":{"start":{"line":148,"column":2},"end":{"line":148,"column":43}},"58":{"start":{"line":149,"column":2},"end":{"line":149,"column":55}},"59":{"start":{"line":146,"column":13},"end":{"line":146,"column":28}}},"fnMap":{"0":{"name":"(anonymous_10)","decl":{"start":{"line":9,"column":27},"end":{"line":9,"column":32}},"loc":{"start":{"line":9,"column":47},"end":{"line":91,"column":1}}},"1":{"name":"(anonymous_11)","decl":{"start":{"line":93,"column":29},"end":{"line":93,"column":34}},"loc":{"start":{"line":93,"column":40},"end":{"line":95,"column":1}}},"2":{"name":"(anonymous_12)","decl":{"start":{"line":97,"column":29},"end":{"line":97,"column":34}},"loc":{"start":{"line":97,"column":57},"end":{"line":99,"column":1}}},"3":{"name":"(anonymous_13)","decl":{"start":{"line":101,"column":34},"end":{"line":101,"column":39}},"loc":{"start":{"line":101,"column":64},"end":{"line":103,"column":1}}},"4":{"name":"(anonymous_14)","decl":{"start":{"line":105,"column":28},"end":{"line":105,"column":33}},"loc":{"start":{"line":105,"column":67},"end":{"line":144,"column":1}}},"5":{"name":"(anonymous_15)","decl":{"start":{"line":146,"column":28},"end":{"line":146,"column":33}},"loc":{"start":{"line":146,"column":56},"end":{"line":150,"column":1}}}},"branchMap":{"0":{"loc":{"start":{"line":114,"column":2},"end":{"line":128,"column":3}},"type":"if","locations":[{"start":{"line":114,"column":2},"end":{"line":128,"column":3}},{"start":{},"end":{}}]},"1":{"loc":{"start":{"line":114,"column":6},"end":{"line":114,"column":78}},"type":"binary-expr","locations":[{"start":{"line":114,"column":6},"end":{"line":114,"column":41}},{"start":{"line":114,"column":45},"end":{"line":114,"column":78}}]},"2":{"loc":{"start":{"line":119,"column":22},"end":{"line":119,"column":70}},"type":"binary-expr","locations":[{"start":{"line":119,"column":22},"end":{"line":119,"column":39}},{"start":{"line":119,"column":43},"end":{"line":119,"column":70}}]},"3":{"loc":{"start":{"line":123,"column":22},"end":{"line":123,"column":75}},"type":"binary-expr","locations":[{"start":{"line":123,"column":22},"end":{"line":123,"column":43}},{"start":{"line":123,"column":47},"end":{"line":123,"column":75}}]},"4":{"loc":{"start":{"line":124,"column":23},"end":{"line":124,"column":71}},"type":"binary-expr","locations":[{"start":{"line":124,"column":23},"end":{"line":124,"column":40}},{"start":{"line":124,"column":44},"end":{"line":124,"column":71}}]},"5":{"loc":{"start":{"line":131,"column":2},"end":{"line":141,"column":3}},"type":"if","locations":[{"start":{"line":131,"column":2},"end":{"line":141,"column":3}},{"start":{},"end":{}}]},"6":{"loc":{"start":{"line":131,"column":6},"end":{"line":131,"column":66}},"type":"binary-expr","locations":[{"start":{"line":131,"column":6},"end":{"line":131,"column":35}},{"start":{"line":131,"column":39},"end":{"line":131,"column":66}}]}},"s":{"0":1,"1":1,"2":1,"3":1,"4":1,"5":1,"6":1,"7":1,"8":0,"9":0,"10":0,"11":0,"12":0,"13":0,"14":0,"15":0,"16":0,"17":0,"18":0,"19":0,"20":0,"21":0,"22":0,"23":0,"24":0,"25":0,"26":0,"27":0,"28":0,"29":0,"30":0,"31":1,"32":1,"33":0,"34":1,"35":1,"36":0,"37":1,"38":1,"39":0,"40":1,"41":1,"42":0,"43":0,"44":0,"45":0,"46":0,"47":0,"48":0,"49":0,"50":0,"51":0,"52":0,"53":0,"54":0,"55":1,"56":1,"57":0,"58":0,"59":1},"f":{"0":0,"1":0,"2":0,"3":0,"4":0,"5":0},"b":{"0":[0,0],"1":[0,0],"2":[0,0],"3":[0,0],"4":[0,0],"5":[0,0],"6":[0,0]}}
,"C:\\Users\\sebas\\OneDrive\\Escritorio\\sena\\sexto_trimestre\\barbersite\\backend_barberia\\src\\modules\\consignaciones_proveedor\\consignaciones_proveedor.repository.ts": {"path":"C:\\Users\\sebas\\OneDrive\\Escritorio\\sena\\sexto_trimestre\\barbersite\\backend_barberia\\src\\modules\\consignaciones_proveedor\\consignaciones_proveedor.repository.ts","statementMap":{"0":{"start":{"line":1,"column":0},"end":{"line":1,"column":45}},"1":{"start":{"line":3,"column":36},"end":{"line":12,"column":1}},"2":{"start":{"line":4,"column":17},"end":{"line":10,"column":4}},"3":{"start":{"line":11,"column":2},"end":{"line":11,"column":26}},"4":{"start":{"line":3,"column":13},"end":{"line":3,"column":36}},"5":{"start":{"line":14,"column":35},"end":{"line":25,"column":1}},"6":{"start":{"line":15,"column":17},"end":{"line":23,"column":6}},"7":{"start":{"line":24,"column":2},"end":{"line":24,"column":29}},"8":{"start":{"line":14,"column":13},"end":{"line":14,"column":35}},"9":{"start":{"line":27,"column":34},"end":{"line":45,"column":1}},"10":{"start":{"line":28,"column":121},"end":{"line":28,"column":125}},"11":{"start":{"line":29,"column":19},"end":{"line":29,"column":131}},"12":{"start":{"line":30,"column":13},"end":{"line":30,"column":41}},"13":{"start":{"line":32,"column":2},"end":{"line":44,"column":7}},"14":{"start":{"line":27,"column":13},"end":{"line":27,"column":34}},"15":{"start":{"line":47,"column":34},"end":{"line":72,"column":1}},"16":{"start":{"line":48,"column":66},"end":{"line":48,"column":70}},"17":{"start":{"line":49,"column":18},"end":{"line":49,"column":20}},"18":{"start":{"line":50,"column":18},"end":{"line":50,"column":48}},"19":{"start":{"line":52,"column":2},"end":{"line":55,"column":3}},"20":{"start":{"line":53,"column":4},"end":{"line":53,"column":57}},"21":{"start":{"line":54,"column":4},"end":{"line":54,"column":56}},"22":{"start":{"line":56,"column":2},"end":{"line":59,"column":3}},"23":{"start":{"line":57,"column":4},"end":{"line":57,"column":45}},"24":{"start":{"line":58,"column":4},"end":{"line":58,"column":44}},"25":{"start":{"line":60,"column":2},"end":{"line":63,"column":3}},"26":{"start":{"line":61,"column":4},"end":{"line":61,"column":37}},"27":{"start":{"line":62,"column":4},"end":{"line":62,"column":36}},"28":{"start":{"line":64,"column":2},"end":{"line":67,"column":3}},"29":{"start":{"line":65,"column":4},"end":{"line":65,"column":51}},"30":{"start":{"line":66,"column":4},"end":{"line":66,"column":50}},"31":{"start":{"line":69,"column":2},"end":{"line":71,"column":3}},"32":{"start":{"line":70,"column":4},"end":{"line":70,"column":113}},"33":{"start":{"line":47,"column":13},"end":{"line":47,"column":34}},"34":{"start":{"line":74,"column":34},"end":{"line":78,"column":1}},"35":{"start":{"line":75,"column":2},"end":{"line":77,"column":79}},"36":{"start":{"line":74,"column":13},"end":{"line":74,"column":34}}},"fnMap":{"0":{"name":"(anonymous_0)","decl":{"start":{"line":3,"column":36},"end":{"line":3,"column":41}},"loc":{"start":{"line":3,"column":47},"end":{"line":12,"column":1}}},"1":{"name":"(anonymous_1)","decl":{"start":{"line":14,"column":35},"end":{"line":14,"column":40}},"loc":{"start":{"line":14,"column":56},"end":{"line":25,"column":1}}},"2":{"name":"(anonymous_2)","decl":{"start":{"line":27,"column":34},"end":{"line":27,"column":39}},"loc":{"start":{"line":27,"column":54},"end":{"line":45,"column":1}}},"3":{"name":"(anonymous_3)","decl":{"start":{"line":47,"column":34},"end":{"line":47,"column":39}},"loc":{"start":{"line":47,"column":66},"end":{"line":72,"column":1}}},"4":{"name":"(anonymous_4)","decl":{"start":{"line":74,"column":34},"end":{"line":74,"column":39}},"loc":{"start":{"line":74,"column":55},"end":{"line":78,"column":1}}}},"branchMap":{"0":{"loc":{"start":{"line":40,"column":28},"end":{"line":40,"column":49}},"type":"binary-expr","locations":[{"start":{"line":40,"column":28},"end":{"line":40,"column":41}},{"start":{"line":40,"column":45},"end":{"line":40,"column":49}}]},"1":{"loc":{"start":{"line":52,"column":2},"end":{"line":55,"column":3}},"type":"if","locations":[{"start":{"line":52,"column":2},"end":{"line":55,"column":3}},{"start":{},"end":{}}]},"2":{"loc":{"start":{"line":56,"column":2},"end":{"line":59,"column":3}},"type":"if","locations":[{"start":{"line":56,"column":2},"end":{"line":59,"column":3}},{"start":{},"end":{}}]},"3":{"loc":{"start":{"line":60,"column":2},"end":{"line":63,"column":3}},"type":"if","locations":[{"start":{"line":60,"column":2},"end":{"line":63,"column":3}},{"start":{},"end":{}}]},"4":{"loc":{"start":{"line":64,"column":2},"end":{"line":67,"column":3}},"type":"if","locations":[{"start":{"line":64,"column":2},"end":{"line":67,"column":3}},{"start":{},"end":{}}]},"5":{"loc":{"start":{"line":69,"column":2},"end":{"line":71,"column":3}},"type":"if","locations":[{"start":{"line":69,"column":2},"end":{"line":71,"column":3}},{"start":{},"end":{}}]}},"s":{"0":1,"1":1,"2":0,"3":0,"4":1,"5":1,"6":0,"7":0,"8":1,"9":1,"10":0,"11":0,"12":0,"13":0,"14":1,"15":1,"16":0,"17":0,"18":0,"19":0,"20":0,"21":0,"22":0,"23":0,"24":0,"25":0,"26":0,"27":0,"28":0,"29":0,"30":0,"31":0,"32":0,"33":1,"34":1,"35":0,"36":1},"f":{"0":0,"1":0,"2":0,"3":0,"4":0},"b":{"0":[0,0],"1":[0,0],"2":[0,0],"3":[0,0],"4":[0,0],"5":[0,0]}}
,"C:\\Users\\sebas\\OneDrive\\Escritorio\\sena\\sexto_trimestre\\barbersite\\backend_barberia\\src\\modules\\consignaciones_proveedor\\consignaciones_proveedor.service.ts": {"path":"C:\\Users\\sebas\\OneDrive\\Escritorio\\sena\\sexto_trimestre\\barbersite\\backend_barberia\\src\\modules\\consignaciones_proveedor\\consignaciones_proveedor.service.ts","statementMap":{"0":{"start":{"line":1,"column":0},"end":{"line":1,"column":68}},"1":{"start":{"line":3,"column":36},"end":{"line":3,"column":87}},"2":{"start":{"line":3,"column":48},"end":{"line":3,"column":87}},"3":{"start":{"line":3,"column":13},"end":{"line":3,"column":36}},"4":{"start":{"line":4,"column":35},"end":{"line":4,"column":97}},"5":{"start":{"line":4,"column":57},"end":{"line":4,"column":97}},"6":{"start":{"line":4,"column":13},"end":{"line":4,"column":35}},"7":{"start":{"line":5,"column":34},"end":{"line":8,"column":1}},"8":{"start":{"line":6,"column":2},"end":{"line":6,"column":44}},"9":{"start":{"line":7,"column":2},"end":{"line":7,"column":58}},"10":{"start":{"line":5,"column":13},"end":{"line":5,"column":34}},"11":{"start":{"line":9,"column":34},"end":{"line":12,"column":1}},"12":{"start":{"line":10,"column":2},"end":{"line":10,"column":48}},"13":{"start":{"line":11,"column":2},"end":{"line":11,"column":63}},"14":{"start":{"line":9,"column":13},"end":{"line":9,"column":34}},"15":{"start":{"line":13,"column":34},"end":{"line":16,"column":1}},"16":{"start":{"line":14,"column":2},"end":{"line":14,"column":42}},"17":{"start":{"line":15,"column":2},"end":{"line":15,"column":61}},"18":{"start":{"line":13,"column":13},"end":{"line":13,"column":34}}},"fnMap":{"0":{"name":"(anonymous_9)","decl":{"start":{"line":3,"column":36},"end":{"line":3,"column":41}},"loc":{"start":{"line":3,"column":48},"end":{"line":3,"column":87}}},"1":{"name":"(anonymous_10)","decl":{"start":{"line":4,"column":35},"end":{"line":4,"column":40}},"loc":{"start":{"line":4,"column":57},"end":{"line":4,"column":97}}},"2":{"name":"(anonymous_11)","decl":{"start":{"line":5,"column":34},"end":{"line":5,"column":39}},"loc":{"start":{"line":5,"column":54},"end":{"line":8,"column":1}}},"3":{"name":"(anonymous_12)","decl":{"start":{"line":9,"column":34},"end":{"line":9,"column":39}},"loc":{"start":{"line":9,"column":66},"end":{"line":12,"column":1}}},"4":{"name":"(anonymous_13)","decl":{"start":{"line":13,"column":34},"end":{"line":13,"column":39}},"loc":{"start":{"line":13,"column":55},"end":{"line":16,"column":1}}}},"branchMap":{},"s":{"0":1,"1":1,"2":0,"3":1,"4":1,"5":0,"6":1,"7":1,"8":0,"9":0,"10":1,"11":1,"12":0,"13":0,"14":1,"15":1,"16":0,"17":0,"18":1},"f":{"0":0,"1":0,"2":0,"3":0,"4":0},"b":{}}
,"C:\\Users\\sebas\\OneDrive\\Escritorio\\sena\\sexto_trimestre\\barbersite\\backend_barberia\\src\\modules\\detalle_compra\\detalle_compra.repository.ts": {"path":"C:\\Users\\sebas\\OneDrive\\Escritorio\\sena\\sexto_trimestre\\barbersite\\backend_barberia\\src\\modules\\detalle_compra\\detalle_compra.repository.ts","statementMap":{"0":{"start":{"line":1,"column":0},"end":{"line":1,"column":45}},"1":{"start":{"line":3,"column":34},"end":{"line":18,"column":1}},"2":{"start":{"line":4,"column":92},"end":{"line":4,"column":96}},"3":{"start":{"line":6,"column":2},"end":{"line":17,"column":7}},"4":{"start":{"line":3,"column":13},"end":{"line":3,"column":34}},"5":{"start":{"line":20,"column":36},"end":{"line":29,"column":1}},"6":{"start":{"line":21,"column":17},"end":{"line":27,"column":4}},"7":{"start":{"line":28,"column":2},"end":{"line":28,"column":26}},"8":{"start":{"line":20,"column":13},"end":{"line":20,"column":36}},"9":{"start":{"line":31,"column":36},"end":{"line":43,"column":1}},"10":{"start":{"line":32,"column":17},"end":{"line":40,"column":6}},"11":{"start":{"line":42,"column":2},"end":{"line":42,"column":66}},"12":{"start":{"line":31,"column":13},"end":{"line":31,"column":36}},"13":{"start":{"line":45,"column":36},"end":{"line":58,"column":1}},"14":{"start":{"line":46,"column":17},"end":{"line":55,"column":6}},"15":{"start":{"line":57,"column":2},"end":{"line":57,"column":26}},"16":{"start":{"line":45,"column":13},"end":{"line":45,"column":36}},"17":{"start":{"line":60,"column":35},"end":{"line":103,"column":1}},"18":{"start":{"line":61,"column":52},"end":{"line":61,"column":56}},"19":{"start":{"line":63,"column":14},"end":{"line":63,"column":42}},"20":{"start":{"line":64,"column":24},"end":{"line":64,"column":26}},"21":{"start":{"line":65,"column":27},"end":{"line":65,"column":29}},"22":{"start":{"line":67,"column":2},"end":{"line":70,"column":3}},"23":{"start":{"line":68,"column":4},"end":{"line":68,"column":46}},"24":{"start":{"line":69,"column":4},"end":{"line":69,"column":61}},"25":{"start":{"line":71,"column":2},"end":{"line":74,"column":3}},"26":{"start":{"line":72,"column":4},"end":{"line":72,"column":40}},"27":{"start":{"line":73,"column":4},"end":{"line":73,"column":55}},"28":{"start":{"line":75,"column":2},"end":{"line":78,"column":3}},"29":{"start":{"line":76,"column":4},"end":{"line":76,"column":52}},"30":{"start":{"line":77,"column":4},"end":{"line":77,"column":67}},"31":{"start":{"line":80,"column":2},"end":{"line":82,"column":3}},"32":{"start":{"line":81,"column":4},"end":{"line":81,"column":43}},"33":{"start":{"line":85,"column":2},"end":{"line":94,"column":3}},"34":{"start":{"line":87,"column":24},"end":{"line":87,"column":69}},"35":{"start":{"line":88,"column":24},"end":{"line":88,"column":80}},"36":{"start":{"line":89,"column":21},"end":{"line":89,"column":95}},"37":{"start":{"line":90,"column":24},"end":{"line":90,"column":46}},"38":{"start":{"line":92,"column":4},"end":{"line":92,"column":40}},"39":{"start":{"line":93,"column":4},"end":{"line":93,"column":58}},"40":{"start":{"line":96,"column":2},"end":{"line":96,"column":79}},"41":{"start":{"line":98,"column":18},"end":{"line":98,"column":32}},"42":{"start":{"line":99,"column":2},"end":{"line":99,"column":66}},"43":{"start":{"line":99,"column":26},"end":{"line":99,"column":64}},"44":{"start":{"line":100,"column":2},"end":{"line":100,"column":56}},"45":{"start":{"line":102,"column":2},"end":{"line":102,"column":29}},"46":{"start":{"line":60,"column":13},"end":{"line":60,"column":35}},"47":{"start":{"line":105,"column":35},"end":{"line":109,"column":1}},"48":{"start":{"line":106,"column":2},"end":{"line":108,"column":86}},"49":{"start":{"line":105,"column":13},"end":{"line":105,"column":35}}},"fnMap":{"0":{"name":"(anonymous_0)","decl":{"start":{"line":3,"column":34},"end":{"line":3,"column":39}},"loc":{"start":{"line":3,"column":54},"end":{"line":18,"column":1}}},"1":{"name":"(anonymous_1)","decl":{"start":{"line":20,"column":36},"end":{"line":20,"column":41}},"loc":{"start":{"line":20,"column":47},"end":{"line":29,"column":1}}},"2":{"name":"(anonymous_2)","decl":{"start":{"line":31,"column":36},"end":{"line":31,"column":41}},"loc":{"start":{"line":31,"column":72},"end":{"line":43,"column":1}}},"3":{"name":"(anonymous_3)","decl":{"start":{"line":45,"column":36},"end":{"line":45,"column":41}},"loc":{"start":{"line":45,"column":64},"end":{"line":58,"column":1}}},"4":{"name":"(anonymous_4)","decl":{"start":{"line":60,"column":35},"end":{"line":60,"column":40}},"loc":{"start":{"line":60,"column":82},"end":{"line":103,"column":1}}},"5":{"name":"(anonymous_5)","decl":{"start":{"line":99,"column":17},"end":{"line":99,"column":22}},"loc":{"start":{"line":99,"column":26},"end":{"line":99,"column":64}}},"6":{"name":"(anonymous_6)","decl":{"start":{"line":105,"column":35},"end":{"line":105,"column":40}},"loc":{"start":{"line":105,"column":71},"end":{"line":109,"column":1}}}},"branchMap":{"0":{"loc":{"start":{"line":42,"column":9},"end":{"line":42,"column":65}},"type":"cond-expr","locations":[{"start":{"line":42,"column":39},"end":{"line":42,"column":58}},{"start":{"line":42,"column":61},"end":{"line":42,"column":65}}]},"1":{"loc":{"start":{"line":67,"column":2},"end":{"line":70,"column":3}},"type":"if","locations":[{"start":{"line":67,"column":2},"end":{"line":70,"column":3}},{"start":{},"end":{}}]},"2":{"loc":{"start":{"line":71,"column":2},"end":{"line":74,"column":3}},"type":"if","locations":[{"start":{"line":71,"column":2},"end":{"line":74,"column":3}},{"start":{},"end":{}}]},"3":{"loc":{"start":{"line":75,"column":2},"end":{"line":78,"column":3}},"type":"if","locations":[{"start":{"line":75,"column":2},"end":{"line":78,"column":3}},{"start":{},"end":{}}]},"4":{"loc":{"start":{"line":80,"column":2},"end":{"line":82,"column":3}},"type":"if","locations":[{"start":{"line":80,"column":2},"end":{"line":82,"column":3}},{"start":{},"end":{}}]},"5":{"loc":{"start":{"line":85,"column":2},"end":{"line":94,"column":3}},"type":"if","locations":[{"start":{"line":85,"column":2},"end":{"line":94,"column":3}},{"start":{},"end":{}}]},"6":{"loc":{"start":{"line":85,"column":6},"end":{"line":85,"column":60}},"type":"binary-expr","locations":[{"start":{"line":85,"column":6},"end":{"line":85,"column":28}},{"start":{"line":85,"column":32},"end":{"line":85,"column":60}}]},"7":{"loc":{"start":{"line":88,"column":24},"end":{"line":88,"column":80}},"type":"cond-expr","locations":[{"start":{"line":88,"column":49},"end":{"line":88,"column":57}},{"start":{"line":88,"column":60},"end":{"line":88,"column":80}}]},"8":{"loc":{"start":{"line":89,"column":21},"end":{"line":89,"column":95}},"type":"cond-expr","locations":[{"start":{"line":89,"column":52},"end":{"line":89,"column":66}},{"start":{"line":89,"column":69},"end":{"line":89,"column":95}}]}},"s":{"0":1,"1":1,"2":0,"3":0,"4":1,"5":1,"6":0,"7":0,"8":1,"9":1,"10":0,"11":0,"12":1,"13":1,"14":0,"15":0,"16":1,"17":1,"18":0,"19":0,"20":0,"21":0,"22":0,"23":0,"24":0,"25":0,"26":0,"27":0,"28":0,"29":0,"30":0,"31":0,"32":0,"33":0,"34":0,"35":0,"36":0,"37":0,"38":0,"39":0,"40":0,"41":0,"42":0,"43":0,"44":0,"45":0,"46":1,"47":1,"48":0,"49":1},"f":{"0":0,"1":0,"2":0,"3":0,"4":0,"5":0,"6":0},"b":{"0":[0,0],"1":[0,0],"2":[0,0],"3":[0,0],"4":[0,0],"5":[0,0],"6":[0,0],"7":[0,0],"8":[0,0]}}
,"C:\\Users\\sebas\\OneDrive\\Escritorio\\sena\\sexto_trimestre\\barbersite\\backend_barberia\\src\\modules\\detalle_compra\\detalle_compra.service.ts": {"path":"C:\\Users\\sebas\\OneDrive\\Escritorio\\sena\\sexto_trimestre\\barbersite\\backend_barberia\\src\\modules\\detalle_compra\\detalle_compra.service.ts","statementMap":{"0":{"start":{"line":1,"column":0},"end":{"line":1,"column":24}},"1":{"start":{"line":2,"column":0},"end":{"line":2,"column":45}},"2":{"start":{"line":3,"column":0},"end":{"line":3,"column":58}},"3":{"start":{"line":5,"column":34},"end":{"line":74,"column":1}},"4":{"start":{"line":6,"column":22},"end":{"line":6,"column":47}},"5":{"start":{"line":8,"column":2},"end":{"line":73,"column":3}},"6":{"start":{"line":9,"column":4},"end":{"line":9,"column":30}},"7":{"start":{"line":10,"column":20},"end":{"line":10,"column":48}},"8":{"start":{"line":13,"column":28},"end":{"line":16,"column":6}},"9":{"start":{"line":18,"column":30},"end":{"line":18,"column":65}},"10":{"start":{"line":19,"column":21},"end":{"line":19,"column":56}},"11":{"start":{"line":22,"column":4},"end":{"line":34,"column":9}},"12":{"start":{"line":37,"column":4},"end":{"line":44,"column":9}},"13":{"start":{"line":47,"column":24},"end":{"line":53,"column":8}},"14":{"start":{"line":55,"column":23},"end":{"line":55,"column":64}},"15":{"start":{"line":57,"column":4},"end":{"line":64,"column":9}},"16":{"start":{"line":66,"column":4},"end":{"line":66,"column":31}},"17":{"start":{"line":68,"column":4},"end":{"line":68,"column":84}},"18":{"start":{"line":71,"column":4},"end":{"line":71,"column":33}},"19":{"start":{"line":72,"column":4},"end":{"line":72,"column":16}},"20":{"start":{"line":5,"column":13},"end":{"line":5,"column":34}},"21":{"start":{"line":76,"column":36},"end":{"line":78,"column":1}},"22":{"start":{"line":77,"column":2},"end":{"line":77,"column":49}},"23":{"start":{"line":76,"column":13},"end":{"line":76,"column":36}},"24":{"start":{"line":80,"column":36},"end":{"line":82,"column":1}},"25":{"start":{"line":81,"column":2},"end":{"line":81,"column":66}},"26":{"start":{"line":80,"column":13},"end":{"line":80,"column":36}},"27":{"start":{"line":84,"column":36},"end":{"line":86,"column":1}},"28":{"start":{"line":85,"column":2},"end":{"line":85,"column":58}},"29":{"start":{"line":84,"column":13},"end":{"line":84,"column":36}},"30":{"start":{"line":88,"column":35},"end":{"line":91,"column":1}},"31":{"start":{"line":89,"column":2},"end":{"line":89,"column":64}},"32":{"start":{"line":90,"column":2},"end":{"line":90,"column":68}},"33":{"start":{"line":88,"column":13},"end":{"line":88,"column":35}},"34":{"start":{"line":93,"column":35},"end":{"line":96,"column":1}},"35":{"start":{"line":94,"column":2},"end":{"line":94,"column":58}},"36":{"start":{"line":95,"column":2},"end":{"line":95,"column":66}},"37":{"start":{"line":93,"column":13},"end":{"line":93,"column":35}}},"fnMap":{"0":{"name":"(anonymous_10)","decl":{"start":{"line":5,"column":34},"end":{"line":5,"column":39}},"loc":{"start":{"line":5,"column":54},"end":{"line":74,"column":1}}},"1":{"name":"(anonymous_11)","decl":{"start":{"line":76,"column":36},"end":{"line":76,"column":41}},"loc":{"start":{"line":76,"column":47},"end":{"line":78,"column":1}}},"2":{"name":"(anonymous_12)","decl":{"start":{"line":80,"column":36},"end":{"line":80,"column":41}},"loc":{"start":{"line":80,"column":72},"end":{"line":82,"column":1}}},"3":{"name":"(anonymous_13)","decl":{"start":{"line":84,"column":36},"end":{"line":84,"column":41}},"loc":{"start":{"line":84,"column":64},"end":{"line":86,"column":1}}},"4":{"name":"(anonymous_14)","decl":{"start":{"line":88,"column":35},"end":{"line":88,"column":40}},"loc":{"start":{"line":88,"column":82},"end":{"line":91,"column":1}}},"5":{"name":"(anonymous_15)","decl":{"start":{"line":93,"column":35},"end":{"line":93,"column":40}},"loc":{"start":{"line":93,"column":71},"end":{"line":96,"column":1}}}},"branchMap":{"0":{"loc":{"start":{"line":55,"column":23},"end":{"line":55,"column":64}},"type":"binary-expr","locations":[{"start":{"line":55,"column":23},"end":{"line":55,"column":59}},{"start":{"line":55,"column":63},"end":{"line":55,"column":64}}]}},"s":{"0":1,"1":1,"2":1,"3":1,"4":0,"5":0,"6":0,"7":0,"8":0,"9":0,"10":0,"11":0,"12":0,"13":0,"14":0,"15":0,"16":0,"17":0,"18":0,"19":0,"20":1,"21":1,"22":0,"23":1,"24":1,"25":0,"26":1,"27":1,"28":0,"29":1,"30":1,"31":0,"32":0,"33":1,"34":1,"35":0,"36":0,"37":1},"f":{"0":0,"1":0,"2":0,"3":0,"4":0,"5":0},"b":{"0":[0,0]}}
,"C:\\Users\\sebas\\OneDrive\\Escritorio\\sena\\sexto_trimestre\\barbersite\\backend_barberia\\src\\modules\\pagos_realizados\\pagos_realizados.repository.ts": {"path":"C:\\Users\\sebas\\OneDrive\\Escritorio\\sena\\sexto_trimestre\\barbersite\\backend_barberia\\src\\modules\\pagos_realizados\\pagos_realizados.repository.ts","statementMap":{"0":{"start":{"line":1,"column":0},"end":{"line":1,"column":24}},"1":{"start":{"line":2,"column":0},"end":{"line":2,"column":45}},"2":{"start":{"line":6,"column":20},"end":{"line":6,"column":34}},"3":{"start":{"line":7,"column":16},"end":{"line":22,"column":6}},"4":{"start":{"line":24,"column":4},"end":{"line":27,"column":5}},"5":{"start":{"line":25,"column":6},"end":{"line":25,"column":65}},"6":{"start":{"line":26,"column":6},"end":{"line":26,"column":51}},"7":{"start":{"line":29,"column":4},"end":{"line":30,"column":34}},"8":{"start":{"line":32,"column":19},"end":{"line":32,"column":45}},"9":{"start":{"line":33,"column":4},"end":{"line":33,"column":28}},"10":{"start":{"line":37,"column":20},"end":{"line":37,"column":34}},"11":{"start":{"line":38,"column":4},"end":{"line":38,"column":47}},"12":{"start":{"line":39,"column":19},"end":{"line":49,"column":6}},"13":{"start":{"line":50,"column":4},"end":{"line":50,"column":31}},"14":{"start":{"line":60,"column":20},"end":{"line":60,"column":34}},"15":{"start":{"line":63,"column":25},"end":{"line":66,"column":6}},"16":{"start":{"line":67,"column":20},"end":{"line":67,"column":52}},"17":{"start":{"line":69,"column":4},"end":{"line":69,"column":47}},"18":{"start":{"line":70,"column":4},"end":{"line":70,"column":51}},"19":{"start":{"line":71,"column":4},"end":{"line":71,"column":68}},"20":{"start":{"line":72,"column":4},"end":{"line":72,"column":73}},"21":{"start":{"line":73,"column":4},"end":{"line":73,"column":63}},"22":{"start":{"line":74,"column":4},"end":{"line":74,"column":62}},"23":{"start":{"line":76,"column":4},"end":{"line":79,"column":7}},"24":{"start":{"line":81,"column":4},"end":{"line":81,"column":23}},"25":{"start":{"line":93,"column":20},"end":{"line":93,"column":34}},"26":{"start":{"line":94,"column":4},"end":{"line":94,"column":47}},"27":{"start":{"line":96,"column":16},"end":{"line":96,"column":46}},"28":{"start":{"line":97,"column":30},"end":{"line":97,"column":32}},"29":{"start":{"line":99,"column":4},"end":{"line":102,"column":5}},"30":{"start":{"line":100,"column":6},"end":{"line":100,"column":81}},"31":{"start":{"line":101,"column":6},"end":{"line":101,"column":51}},"32":{"start":{"line":104,"column":4},"end":{"line":107,"column":5}},"33":{"start":{"line":105,"column":6},"end":{"line":105,"column":72}},"34":{"start":{"line":106,"column":6},"end":{"line":106,"column":47}},"35":{"start":{"line":109,"column":4},"end":{"line":112,"column":5}},"36":{"start":{"line":110,"column":6},"end":{"line":110,"column":76}},"37":{"start":{"line":111,"column":6},"end":{"line":111,"column":49}},"38":{"start":{"line":114,"column":4},"end":{"line":117,"column":5}},"39":{"start":{"line":115,"column":6},"end":{"line":115,"column":75}},"40":{"start":{"line":116,"column":6},"end":{"line":116,"column":47}},"41":{"start":{"line":119,"column":4},"end":{"line":124,"column":5}},"42":{"start":{"line":120,"column":21},"end":{"line":121,"column":null}},"43":{"start":{"line":123,"column":6},"end":{"line":123,"column":33}},"44":{"start":{"line":126,"column":4},"end":{"line":126,"column":32}},"45":{"start":{"line":127,"column":4},"end":{"line":127,"column":98}},"46":{"start":{"line":129,"column":19},"end":{"line":129,"column":45}},"47":{"start":{"line":130,"column":4},"end":{"line":130,"column":31}},"48":{"start":{"line":134,"column":20},"end":{"line":134,"column":34}},"49":{"start":{"line":135,"column":4},"end":{"line":135,"column":51}},"50":{"start":{"line":136,"column":19},"end":{"line":144,"column":6}},"51":{"start":{"line":145,"column":4},"end":{"line":145,"column":31}},"52":{"start":{"line":149,"column":20},"end":{"line":149,"column":34}},"53":{"start":{"line":150,"column":4},"end":{"line":150,"column":47}},"54":{"start":{"line":152,"column":4},"end":{"line":152,"column":81}},"55":{"start":{"line":153,"column":4},"end":{"line":153,"column":29}},"56":{"start":{"line":4,"column":0},"end":{"line":4,"column":13}},"57":{"start":{"line":157,"column":13},"end":{"line":157,"column":73}}},"fnMap":{"0":{"name":"(anonymous_1)","decl":{"start":{"line":5,"column":2},"end":{"line":5,"column":7}},"loc":{"start":{"line":5,"column":40},"end":{"line":34,"column":3}}},"1":{"name":"(anonymous_2)","decl":{"start":{"line":36,"column":2},"end":{"line":36,"column":7}},"loc":{"start":{"line":36,"column":35},"end":{"line":51,"column":3}}},"2":{"name":"(anonymous_3)","decl":{"start":{"line":53,"column":2},"end":{"line":53,"column":7}},"loc":{"start":{"line":58,"column":22},"end":{"line":82,"column":3}}},"3":{"name":"(anonymous_4)","decl":{"start":{"line":84,"column":2},"end":{"line":84,"column":7}},"loc":{"start":{"line":91,"column":5},"end":{"line":131,"column":3}}},"4":{"name":"(anonymous_5)","decl":{"start":{"line":133,"column":2},"end":{"line":133,"column":7}},"loc":{"start":{"line":133,"column":39},"end":{"line":146,"column":3}}},"5":{"name":"(anonymous_6)","decl":{"start":{"line":148,"column":2},"end":{"line":148,"column":7}},"loc":{"start":{"line":148,"column":34},"end":{"line":154,"column":3}}}},"branchMap":{"0":{"loc":{"start":{"line":24,"column":4},"end":{"line":27,"column":5}},"type":"if","locations":[{"start":{"line":24,"column":4},"end":{"line":27,"column":5}},{"start":{},"end":{}}]},"1":{"loc":{"start":{"line":72,"column":47},"end":{"line":72,"column":71}},"type":"binary-expr","locations":[{"start":{"line":72,"column":47},"end":{"line":72,"column":57}},{"start":{"line":72,"column":61},"end":{"line":72,"column":71}}]},"2":{"loc":{"start":{"line":99,"column":4},"end":{"line":102,"column":5}},"type":"if","locations":[{"start":{"line":99,"column":4},"end":{"line":102,"column":5}},{"start":{},"end":{}}]},"3":{"loc":{"start":{"line":104,"column":4},"end":{"line":107,"column":5}},"type":"if","locations":[{"start":{"line":104,"column":4},"end":{"line":107,"column":5}},{"start":{},"end":{}}]},"4":{"loc":{"start":{"line":109,"column":4},"end":{"line":112,"column":5}},"type":"if","locations":[{"start":{"line":109,"column":4},"end":{"line":112,"column":5}},{"start":{},"end":{}}]},"5":{"loc":{"start":{"line":114,"column":4},"end":{"line":117,"column":5}},"type":"if","locations":[{"start":{"line":114,"column":4},"end":{"line":117,"column":5}},{"start":{},"end":{}}]},"6":{"loc":{"start":{"line":119,"column":4},"end":{"line":124,"column":5}},"type":"if","locations":[{"start":{"line":119,"column":4},"end":{"line":124,"column":5}},{"start":{},"end":{}}]}},"s":{"0":1,"1":1,"2":0,"3":0,"4":0,"5":0,"6":0,"7":0,"8":0,"9":0,"10":0,"11":0,"12":0,"13":0,"14":0,"15":0,"16":0,"17":0,"18":0,"19":0,"20":0,"21":0,"22":0,"23":0,"24":0,"25":0,"26":0,"27":0,"28":0,"29":0,"30":0,"31":0,"32":0,"33":0,"34":0,"35":0,"36":0,"37":0,"38":0,"39":0,"40":0,"41":0,"42":0,"43":0,"44":0,"45":0,"46":0,"47":0,"48":0,"49":0,"50":0,"51":0,"52":0,"53":0,"54":0,"55":0,"56":1,"57":1},"f":{"0":0,"1":0,"2":0,"3":0,"4":0,"5":0},"b":{"0":[0,0],"1":[0,0],"2":[0,0],"3":[0,0],"4":[0,0],"5":[0,0],"6":[0,0]}}
,"C:\\Users\\sebas\\OneDrive\\Escritorio\\sena\\sexto_trimestre\\barbersite\\backend_barberia\\src\\modules\\pagos_realizados\\pagos_realizados.schema.ts": {"path":"C:\\Users\\sebas\\OneDrive\\Escritorio\\sena\\sexto_trimestre\\barbersite\\backend_barberia\\src\\modules\\pagos_realizados\\pagos_realizados.schema.ts","statementMap":{"0":{"start":{"line":1,"column":0},"end":{"line":1,"column":24}},"1":{"start":{"line":3,"column":13},"end":{"line":9,"column":3}},"2":{"start":{"line":4,"column":37},"end":{"line":4,"column":50}},"3":{"start":{"line":5,"column":40},"end":{"line":5,"column":53}},"4":{"start":{"line":6,"column":39},"end":{"line":6,"column":96}},"5":{"start":{"line":11,"column":13},"end":{"line":16,"column":3}},"6":{"start":{"line":12,"column":40},"end":{"line":12,"column":53}},"7":{"start":{"line":13,"column":39},"end":{"line":13,"column":96}},"8":{"start":{"line":18,"column":13},"end":{"line":20,"column":3}},"9":{"start":{"line":23,"column":13},"end":{"line":29,"column":3}},"10":{"start":{"line":24,"column":37},"end":{"line":24,"column":50}},"11":{"start":{"line":25,"column":40},"end":{"line":25,"column":53}},"12":{"start":{"line":26,"column":39},"end":{"line":26,"column":96}}},"fnMap":{"0":{"name":"(anonymous_0)","decl":{"start":{"line":4,"column":26},"end":{"line":4,"column":27}},"loc":{"start":{"line":4,"column":37},"end":{"line":4,"column":50}}},"1":{"name":"(anonymous_1)","decl":{"start":{"line":5,"column":29},"end":{"line":5,"column":30}},"loc":{"start":{"line":5,"column":40},"end":{"line":5,"column":53}}},"2":{"name":"(anonymous_2)","decl":{"start":{"line":6,"column":27},"end":{"line":6,"column":28}},"loc":{"start":{"line":6,"column":39},"end":{"line":6,"column":96}}},"3":{"name":"(anonymous_3)","decl":{"start":{"line":12,"column":29},"end":{"line":12,"column":30}},"loc":{"start":{"line":12,"column":40},"end":{"line":12,"column":53}}},"4":{"name":"(anonymous_4)","decl":{"start":{"line":13,"column":27},"end":{"line":13,"column":28}},"loc":{"start":{"line":13,"column":39},"end":{"line":13,"column":96}}},"5":{"name":"(anonymous_5)","decl":{"start":{"line":24,"column":26},"end":{"line":24,"column":27}},"loc":{"start":{"line":24,"column":37},"end":{"line":24,"column":50}}},"6":{"name":"(anonymous_6)","decl":{"start":{"line":25,"column":29},"end":{"line":25,"column":30}},"loc":{"start":{"line":25,"column":40},"end":{"line":25,"column":53}}},"7":{"name":"(anonymous_7)","decl":{"start":{"line":26,"column":27},"end":{"line":26,"column":28}},"loc":{"start":{"line":26,"column":39},"end":{"line":26,"column":96}}}},"branchMap":{"0":{"loc":{"start":{"line":6,"column":39},"end":{"line":6,"column":96}},"type":"cond-expr","locations":[{"start":{"line":6,"column":47},"end":{"line":6,"column":84}},{"start":{"line":6,"column":87},"end":{"line":6,"column":96}}]},"1":{"loc":{"start":{"line":13,"column":39},"end":{"line":13,"column":96}},"type":"cond-expr","locations":[{"start":{"line":13,"column":47},"end":{"line":13,"column":84}},{"start":{"line":13,"column":87},"end":{"line":13,"column":96}}]},"2":{"loc":{"start":{"line":26,"column":39},"end":{"line":26,"column":96}},"type":"cond-expr","locations":[{"start":{"line":26,"column":47},"end":{"line":26,"column":84}},{"start":{"line":26,"column":87},"end":{"line":26,"column":96}}]}},"s":{"0":1,"1":1,"2":0,"3":0,"4":0,"5":1,"6":0,"7":0,"8":1,"9":1,"10":0,"11":0,"12":0},"f":{"0":0,"1":0,"2":0,"3":0,"4":0,"5":0,"6":0,"7":0},"b":{"0":[0,0],"1":[0,0],"2":[0,0]}}
,"C:\\Users\\sebas\\OneDrive\\Escritorio\\sena\\sexto_trimestre\\barbersite\\backend_barberia\\src\\modules\\pagos_realizados\\pagos_realizados.service.ts": {"path":"C:\\Users\\sebas\\OneDrive\\Escritorio\\sena\\sexto_trimestre\\barbersite\\backend_barberia\\src\\modules\\pagos_realizados\\pagos_realizados.service.ts","statementMap":{"0":{"start":{"line":1,"column":0},"end":{"line":1,"column":74}},"1":{"start":{"line":2,"column":0},"end":{"line":2,"column":109}},"2":{"start":{"line":6,"column":4},"end":{"line":11,"column":5}},"3":{"start":{"line":7,"column":20},"end":{"line":7,"column":76}},"4":{"start":{"line":8,"column":6},"end":{"line":8,"column":19}},"5":{"start":{"line":10,"column":6},"end":{"line":10,"column":69}},"6":{"start":{"line":15,"column":4},"end":{"line":23,"column":5}},"7":{"start":{"line":16,"column":19},"end":{"line":16,"column":71}},"8":{"start":{"line":17,"column":6},"end":{"line":19,"column":7}},"9":{"start":{"line":18,"column":8},"end":{"line":18,"column":46}},"10":{"start":{"line":20,"column":6},"end":{"line":20,"column":18}},"11":{"start":{"line":22,"column":6},"end":{"line":22,"column":57}},"12":{"start":{"line":27,"column":4},"end":{"line":59,"column":5}},"13":{"start":{"line":28,"column":28},"end":{"line":28,"column":56}},"14":{"start":{"line":31,"column":25},"end":{"line":31,"column":95}},"15":{"start":{"line":32,"column":6},"end":{"line":34,"column":7}},"16":{"start":{"line":33,"column":8},"end":{"line":33,"column":48}},"17":{"start":{"line":37,"column":27},"end":{"line":37,"column":49}},"18":{"start":{"line":38,"column":6},"end":{"line":40,"column":7}},"19":{"start":{"line":39,"column":8},"end":{"line":39,"column":89}},"20":{"start":{"line":43,"column":29},"end":{"line":43,"column":77}},"21":{"start":{"line":44,"column":6},"end":{"line":46,"column":7}},"22":{"start":{"line":45,"column":8},"end":{"line":45,"column":95}},"23":{"start":{"line":48,"column":21},"end":{"line":53,"column":null}},"24":{"start":{"line":56,"column":6},"end":{"line":56,"column":20}},"25":{"start":{"line":58,"column":6},"end":{"line":58,"column":55}},"26":{"start":{"line":63,"column":4},"end":{"line":94,"column":5}},"27":{"start":{"line":64,"column":28},"end":{"line":64,"column":68}},"28":{"start":{"line":67,"column":25},"end":{"line":67,"column":95}},"29":{"start":{"line":68,"column":6},"end":{"line":70,"column":7}},"30":{"start":{"line":69,"column":8},"end":{"line":69,"column":48}},"31":{"start":{"line":73,"column":6},"end":{"line":75,"column":7}},"32":{"start":{"line":74,"column":8},"end":{"line":74,"column":66}},"33":{"start":{"line":78,"column":29},"end":{"line":78,"column":77}},"34":{"start":{"line":79,"column":6},"end":{"line":81,"column":7}},"35":{"start":{"line":80,"column":8},"end":{"line":80,"column":95}},"36":{"start":{"line":83,"column":21},"end":{"line":88,"column":null}},"37":{"start":{"line":91,"column":6},"end":{"line":91,"column":20}},"38":{"start":{"line":93,"column":6},"end":{"line":93,"column":71}},"39":{"start":{"line":98,"column":4},"end":{"line":110,"column":5}},"40":{"start":{"line":99,"column":28},"end":{"line":99,"column":56}},"41":{"start":{"line":101,"column":19},"end":{"line":101,"column":71}},"42":{"start":{"line":102,"column":6},"end":{"line":104,"column":7}},"43":{"start":{"line":103,"column":8},"end":{"line":103,"column":46}},"44":{"start":{"line":106,"column":21},"end":{"line":106,"column":87}},"45":{"start":{"line":107,"column":6},"end":{"line":107,"column":20}},"46":{"start":{"line":109,"column":6},"end":{"line":109,"column":60}},"47":{"start":{"line":114,"column":4},"end":{"line":124,"column":5}},"48":{"start":{"line":115,"column":19},"end":{"line":115,"column":71}},"49":{"start":{"line":116,"column":6},"end":{"line":118,"column":7}},"50":{"start":{"line":117,"column":8},"end":{"line":117,"column":46}},"51":{"start":{"line":120,"column":21},"end":{"line":120,"column":72}},"52":{"start":{"line":121,"column":6},"end":{"line":121,"column":20}},"53":{"start":{"line":123,"column":6},"end":{"line":123,"column":58}},"54":{"start":{"line":4,"column":0},"end":{"line":4,"column":13}},"55":{"start":{"line":128,"column":13},"end":{"line":128,"column":67}}},"fnMap":{"0":{"name":"(anonymous_0)","decl":{"start":{"line":5,"column":2},"end":{"line":5,"column":7}},"loc":{"start":{"line":5,"column":40},"end":{"line":12,"column":3}}},"1":{"name":"(anonymous_1)","decl":{"start":{"line":14,"column":2},"end":{"line":14,"column":7}},"loc":{"start":{"line":14,"column":35},"end":{"line":24,"column":3}}},"2":{"name":"(anonymous_2)","decl":{"start":{"line":26,"column":2},"end":{"line":26,"column":7}},"loc":{"start":{"line":26,"column":28},"end":{"line":60,"column":3}}},"3":{"name":"(anonymous_3)","decl":{"start":{"line":62,"column":2},"end":{"line":62,"column":7}},"loc":{"start":{"line":62,"column":40},"end":{"line":95,"column":3}}},"4":{"name":"(anonymous_4)","decl":{"start":{"line":97,"column":2},"end":{"line":97,"column":7}},"loc":{"start":{"line":97,"column":45},"end":{"line":111,"column":3}}},"5":{"name":"(anonymous_5)","decl":{"start":{"line":113,"column":2},"end":{"line":113,"column":7}},"loc":{"start":{"line":113,"column":34},"end":{"line":125,"column":3}}}},"branchMap":{"0":{"loc":{"start":{"line":17,"column":6},"end":{"line":19,"column":7}},"type":"if","locations":[{"start":{"line":17,"column":6},"end":{"line":19,"column":7}},{"start":{},"end":{}}]},"1":{"loc":{"start":{"line":32,"column":6},"end":{"line":34,"column":7}},"type":"if","locations":[{"start":{"line":32,"column":6},"end":{"line":34,"column":7}},{"start":{},"end":{}}]},"2":{"loc":{"start":{"line":38,"column":6},"end":{"line":40,"column":7}},"type":"if","locations":[{"start":{"line":38,"column":6},"end":{"line":40,"column":7}},{"start":{},"end":{}}]},"3":{"loc":{"start":{"line":38,"column":10},"end":{"line":38,"column":70}},"type":"binary-expr","locations":[{"start":{"line":38,"column":10},"end":{"line":38,"column":41}},{"start":{"line":38,"column":45},"end":{"line":38,"column":70}}]},"4":{"loc":{"start":{"line":44,"column":6},"end":{"line":46,"column":7}},"type":"if","locations":[{"start":{"line":44,"column":6},"end":{"line":46,"column":7}},{"start":{},"end":{}}]},"5":{"loc":{"start":{"line":51,"column":8},"end":{"line":51,"column":40}},"type":"binary-expr","locations":[{"start":{"line":51,"column":8},"end":{"line":51,"column":32}},{"start":{"line":51,"column":36},"end":{"line":51,"column":40}}]},"6":{"loc":{"start":{"line":68,"column":6},"end":{"line":70,"column":7}},"type":"if","locations":[{"start":{"line":68,"column":6},"end":{"line":70,"column":7}},{"start":{},"end":{}}]},"7":{"loc":{"start":{"line":73,"column":6},"end":{"line":75,"column":7}},"type":"if","locations":[{"start":{"line":73,"column":6},"end":{"line":75,"column":7}},{"start":{},"end":{}}]},"8":{"loc":{"start":{"line":73,"column":10},"end":{"line":73,"column":91}},"type":"binary-expr","locations":[{"start":{"line":73,"column":10},"end":{"line":73,"column":46}},{"start":{"line":73,"column":50},"end":{"line":73,"column":91}}]},"9":{"loc":{"start":{"line":79,"column":6},"end":{"line":81,"column":7}},"type":"if","locations":[{"start":{"line":79,"column":6},"end":{"line":81,"column":7}},{"start":{},"end":{}}]},"10":{"loc":{"start":{"line":102,"column":6},"end":{"line":104,"column":7}},"type":"if","locations":[{"start":{"line":102,"column":6},"end":{"line":104,"column":7}},{"start":{},"end":{}}]},"11":{"loc":{"start":{"line":116,"column":6},"end":{"line":118,"column":7}},"type":"if","locations":[{"start":{"line":116,"column":6},"end":{"line":118,"column":7}},{"start":{},"end":{}}]}},"s":{"0":1,"1":1,"2":0,"3":0,"4":0,"5":0,"6":0,"7":0,"8":0,"9":0,"10":0,"11":0,"12":0,"13":0,"14":0,"15":0,"16":0,"17":0,"18":0,"19":0,"20":0,"21":0,"22":0,"23":0,"24":0,"25":0,"26":0,"27":0,"28":0,"29":0,"30":0,"31":0,"32":0,"33":0,"34":0,"35":0,"36":0,"37":0,"38":0,"39":0,"40":0,"41":0,"42":0,"43":0,"44":0,"45":0,"46":0,"47":0,"48":0,"49":0,"50":0,"51":0,"52":0,"53":0,"54":1,"55":1},"f":{"0":0,"1":0,"2":0,"3":0,"4":0,"5":0},"b":{"0":[0,0],"1":[0,0],"2":[0,0],"3":[0,0],"4":[0,0],"5":[0,0],"6":[0,0],"7":[0,0],"8":[0,0],"9":[0,0],"10":[0,0],"11":[0,0]}}
,"C:\\Users\\sebas\\OneDrive\\Escritorio\\sena\\sexto_trimestre\\barbersite\\backend_barberia\\src\\modules\\productos\\productos.service.ts": {"path":"C:\\Users\\sebas\\OneDrive\\Escritorio\\sena\\sexto_trimestre\\barbersite\\backend_barberia\\src\\modules\\productos\\productos.service.ts","statementMap":{"0":{"start":{"line":1,"column":0},"end":{"line":1,"column":45}},"1":{"start":{"line":2,"column":0},"end":{"line":2,"column":106}},"2":{"start":{"line":4,"column":28},"end":{"line":7,"column":1}},"3":{"start":{"line":5,"column":17},"end":{"line":5,"column":70}},"4":{"start":{"line":6,"column":2},"end":{"line":6,"column":26}},"5":{"start":{"line":4,"column":13},"end":{"line":4,"column":28}},"6":{"start":{"line":9,"column":31},"end":{"line":15,"column":1}},"7":{"start":{"line":10,"column":17},"end":{"line":13,"column":61}},"8":{"start":{"line":14,"column":2},"end":{"line":14,"column":29}},"9":{"start":{"line":9,"column":13},"end":{"line":9,"column":31}},"10":{"start":{"line":17,"column":30},"end":{"line":75,"column":1}},"11":{"start":{"line":31,"column":6},"end":{"line":31,"column":10}},"12":{"start":{"line":34,"column":19},"end":{"line":36,"column":77}},"13":{"start":{"line":37,"column":22},"end":{"line":37,"column":50}},"14":{"start":{"line":39,"column":17},"end":{"line":58,"column":6}},"15":{"start":{"line":61,"column":2},"end":{"line":71,"column":3}},"16":{"start":{"line":62,"column":4},"end":{"line":70,"column":7}},"17":{"start":{"line":74,"column":2},"end":{"line":74,"column":44}},"18":{"start":{"line":17,"column":13},"end":{"line":17,"column":30}},"19":{"start":{"line":77,"column":30},"end":{"line":148,"column":1}},"20":{"start":{"line":90,"column":6},"end":{"line":90,"column":10}},"21":{"start":{"line":92,"column":14},"end":{"line":92,"column":37}},"22":{"start":{"line":93,"column":18},"end":{"line":93,"column":48}},"23":{"start":{"line":94,"column":28},"end":{"line":94,"column":30}},"24":{"start":{"line":96,"column":2},"end":{"line":99,"column":3}},"25":{"start":{"line":97,"column":4},"end":{"line":97,"column":49}},"26":{"start":{"line":98,"column":4},"end":{"line":98,"column":48}},"27":{"start":{"line":100,"column":2},"end":{"line":103,"column":3}},"28":{"start":{"line":101,"column":4},"end":{"line":101,"column":41}},"29":{"start":{"line":102,"column":4},"end":{"line":102,"column":40}},"30":{"start":{"line":104,"column":2},"end":{"line":107,"column":3}},"31":{"start":{"line":105,"column":4},"end":{"line":105,"column":37}},"32":{"start":{"line":106,"column":4},"end":{"line":106,"column":36}},"33":{"start":{"line":108,"column":2},"end":{"line":111,"column":3}},"34":{"start":{"line":109,"column":4},"end":{"line":109,"column":37}},"35":{"start":{"line":110,"column":4},"end":{"line":110,"column":36}},"36":{"start":{"line":112,"column":2},"end":{"line":115,"column":3}},"37":{"start":{"line":113,"column":4},"end":{"line":113,"column":47}},"38":{"start":{"line":114,"column":4},"end":{"line":114,"column":46}},"39":{"start":{"line":116,"column":2},"end":{"line":119,"column":3}},"40":{"start":{"line":117,"column":4},"end":{"line":117,"column":35}},"41":{"start":{"line":118,"column":4},"end":{"line":118,"column":34}},"42":{"start":{"line":120,"column":2},"end":{"line":123,"column":3}},"43":{"start":{"line":121,"column":4},"end":{"line":121,"column":59}},"44":{"start":{"line":122,"column":4},"end":{"line":122,"column":58}},"45":{"start":{"line":124,"column":2},"end":{"line":127,"column":3}},"46":{"start":{"line":125,"column":4},"end":{"line":125,"column":31}},"47":{"start":{"line":126,"column":4},"end":{"line":126,"column":30}},"48":{"start":{"line":128,"column":2},"end":{"line":131,"column":3}},"49":{"start":{"line":129,"column":4},"end":{"line":129,"column":37}},"50":{"start":{"line":130,"column":4},"end":{"line":130,"column":36}},"51":{"start":{"line":132,"column":2},"end":{"line":135,"column":3}},"52":{"start":{"line":133,"column":4},"end":{"line":133,"column":57}},"53":{"start":{"line":134,"column":4},"end":{"line":134,"column":56}},"54":{"start":{"line":136,"column":2},"end":{"line":139,"column":3}},"55":{"start":{"line":137,"column":4},"end":{"line":137,"column":49}},"56":{"start":{"line":138,"column":4},"end":{"line":138,"column":48}},"57":{"start":{"line":141,"column":2},"end":{"line":141,"column":61}},"58":{"start":{"line":141,"column":28},"end":{"line":141,"column":61}},"59":{"start":{"line":143,"column":2},"end":{"line":143,"column":59}},"60":{"start":{"line":144,"column":2},"end":{"line":144,"column":29}},"61":{"start":{"line":147,"column":2},"end":{"line":147,"column":35}},"62":{"start":{"line":77,"column":13},"end":{"line":77,"column":30}},"63":{"start":{"line":150,"column":30},"end":{"line":155,"column":1}},"64":{"start":{"line":151,"column":2},"end":{"line":154,"column":60}},"65":{"start":{"line":150,"column":13},"end":{"line":150,"column":30}}},"fnMap":{"0":{"name":"(anonymous_9)","decl":{"start":{"line":4,"column":28},"end":{"line":4,"column":33}},"loc":{"start":{"line":4,"column":39},"end":{"line":7,"column":1}}},"1":{"name":"(anonymous_10)","decl":{"start":{"line":9,"column":31},"end":{"line":9,"column":36}},"loc":{"start":{"line":9,"column":52},"end":{"line":15,"column":1}}},"2":{"name":"(anonymous_11)","decl":{"start":{"line":17,"column":30},"end":{"line":17,"column":35}},"loc":{"start":{"line":17,"column":50},"end":{"line":75,"column":1}}},"3":{"name":"(anonymous_12)","decl":{"start":{"line":77,"column":30},"end":{"line":77,"column":35}},"loc":{"start":{"line":77,"column":62},"end":{"line":148,"column":1}}},"4":{"name":"(anonymous_13)","decl":{"start":{"line":150,"column":30},"end":{"line":150,"column":35}},"loc":{"start":{"line":150,"column":51},"end":{"line":155,"column":1}}}},"branchMap":{"0":{"loc":{"start":{"line":42,"column":27},"end":{"line":42,"column":47}},"type":"binary-expr","locations":[{"start":{"line":42,"column":27},"end":{"line":42,"column":39}},{"start":{"line":42,"column":43},"end":{"line":42,"column":47}}]},"1":{"loc":{"start":{"line":43,"column":23},"end":{"line":43,"column":39}},"type":"binary-expr","locations":[{"start":{"line":43,"column":23},"end":{"line":43,"column":31}},{"start":{"line":43,"column":35},"end":{"line":43,"column":39}}]},"2":{"loc":{"start":{"line":46,"column":26},"end":{"line":46,"column":45}},"type":"binary-expr","locations":[{"start":{"line":46,"column":26},"end":{"line":46,"column":37}},{"start":{"line":46,"column":41},"end":{"line":46,"column":45}}]},"3":{"loc":{"start":{"line":47,"column":20},"end":{"line":47,"column":30}},"type":"binary-expr","locations":[{"start":{"line":47,"column":20},"end":{"line":47,"column":25}},{"start":{"line":47,"column":29},"end":{"line":47,"column":30}}]},"4":{"loc":{"start":{"line":48,"column":32},"end":{"line":48,"column":57}},"type":"binary-expr","locations":[{"start":{"line":48,"column":32},"end":{"line":48,"column":49}},{"start":{"line":48,"column":53},"end":{"line":48,"column":57}}]},"5":{"loc":{"start":{"line":49,"column":18},"end":{"line":49,"column":29}},"type":"binary-expr","locations":[{"start":{"line":49,"column":18},"end":{"line":49,"column":21}},{"start":{"line":49,"column":25},"end":{"line":49,"column":29}}]},"6":{"loc":{"start":{"line":50,"column":21},"end":{"line":50,"column":39}},"type":"binary-expr","locations":[{"start":{"line":50,"column":21},"end":{"line":50,"column":27}},{"start":{"line":50,"column":31},"end":{"line":50,"column":39}}]},"7":{"loc":{"start":{"line":51,"column":31},"end":{"line":51,"column":67}},"type":"binary-expr","locations":[{"start":{"line":51,"column":31},"end":{"line":51,"column":47}},{"start":{"line":51,"column":51},"end":{"line":51,"column":67}}]},"8":{"loc":{"start":{"line":52,"column":27},"end":{"line":52,"column":47}},"type":"binary-expr","locations":[{"start":{"line":52,"column":27},"end":{"line":52,"column":39}},{"start":{"line":52,"column":43},"end":{"line":52,"column":47}}]},"9":{"loc":{"start":{"line":61,"column":2},"end":{"line":71,"column":3}},"type":"if","locations":[{"start":{"line":61,"column":2},"end":{"line":71,"column":3}},{"start":{},"end":{}}]},"10":{"loc":{"start":{"line":61,"column":6},"end":{"line":61,"column":62}},"type":"binary-expr","locations":[{"start":{"line":61,"column":6},"end":{"line":61,"column":41}},{"start":{"line":61,"column":45},"end":{"line":61,"column":62}}]},"11":{"loc":{"start":{"line":96,"column":2},"end":{"line":99,"column":3}},"type":"if","locations":[{"start":{"line":96,"column":2},"end":{"line":99,"column":3}},{"start":{},"end":{}}]},"12":{"loc":{"start":{"line":100,"column":2},"end":{"line":103,"column":3}},"type":"if","locations":[{"start":{"line":100,"column":2},"end":{"line":103,"column":3}},{"start":{},"end":{}}]},"13":{"loc":{"start":{"line":104,"column":2},"end":{"line":107,"column":3}},"type":"if","locations":[{"start":{"line":104,"column":2},"end":{"line":107,"column":3}},{"start":{},"end":{}}]},"14":{"loc":{"start":{"line":108,"column":2},"end":{"line":111,"column":3}},"type":"if","locations":[{"start":{"line":108,"column":2},"end":{"line":111,"column":3}},{"start":{},"end":{}}]},"15":{"loc":{"start":{"line":112,"column":2},"end":{"line":115,"column":3}},"type":"if","locations":[{"start":{"line":112,"column":2},"end":{"line":115,"column":3}},{"start":{},"end":{}}]},"16":{"loc":{"start":{"line":116,"column":2},"end":{"line":119,"column":3}},"type":"if","locations":[{"start":{"line":116,"column":2},"end":{"line":119,"column":3}},{"start":{},"end":{}}]},"17":{"loc":{"start":{"line":120,"column":2},"end":{"line":123,"column":3}},"type":"if","locations":[{"start":{"line":120,"column":2},"end":{"line":123,"column":3}},{"start":{},"end":{}}]},"18":{"loc":{"start":{"line":124,"column":2},"end":{"line":127,"column":3}},"type":"if","locations":[{"start":{"line":124,"column":2},"end":{"line":127,"column":3}},{"start":{},"end":{}}]},"19":{"loc":{"start":{"line":128,"column":2},"end":{"line":131,"column":3}},"type":"if","locations":[{"start":{"line":128,"column":2},"end":{"line":131,"column":3}},{"start":{},"end":{}}]},"20":{"loc":{"start":{"line":132,"column":2},"end":{"line":135,"column":3}},"type":"if","locations":[{"start":{"line":132,"column":2},"end":{"line":135,"column":3}},{"start":{},"end":{}}]},"21":{"loc":{"start":{"line":136,"column":2},"end":{"line":139,"column":3}},"type":"if","locations":[{"start":{"line":136,"column":2},"end":{"line":139,"column":3}},{"start":{},"end":{}}]},"22":{"loc":{"start":{"line":141,"column":2},"end":{"line":141,"column":61}},"type":"if","locations":[{"start":{"line":141,"column":2},"end":{"line":141,"column":61}},{"start":{},"end":{}}]}},"s":{"0":1,"1":1,"2":1,"3":0,"4":0,"5":1,"6":1,"7":0,"8":0,"9":1,"10":1,"11":0,"12":0,"13":0,"14":0,"15":0,"16":0,"17":0,"18":1,"19":1,"20":0,"21":0,"22":0,"23":0,"24":0,"25":0,"26":0,"27":0,"28":0,"29":0,"30":0,"31":0,"32":0,"33":0,"34":0,"35":0,"36":0,"37":0,"38":0,"39":0,"40":0,"41":0,"42":0,"43":0,"44":0,"45":0,"46":0,"47":0,"48":0,"49":0,"50":0,"51":0,"52":0,"53":0,"54":0,"55":0,"56":0,"57":0,"58":0,"59":0,"60":0,"61":0,"62":1,"63":1,"64":0,"65":1},"f":{"0":0,"1":0,"2":0,"3":0,"4":0},"b":{"0":[0,0],"1":[0,0],"2":[0,0],"3":[0,0],"4":[0,0],"5":[0,0],"6":[0,0],"7":[0,0],"8":[0,0],"9":[0,0],"10":[0,0],"11":[0,0],"12":[0,0],"13":[0,0],"14":[0,0],"15":[0,0],"16":[0,0],"17":[0,0],"18":[0,0],"19":[0,0],"20":[0,0],"21":[0,0],"22":[0,0]}}
}
